Android/WakeupClock/app/build/intermediates/manifest_merge_blame_file/debug/processDebugMainManifest/manifest-merger-blame-debug-report.txt
1<?xml version="1.0" encoding="utf-8"?>
2<manifest xmlns:android="http://schemas.android.com/apk/res/android"
3    package="com.wakeup.clock"
4    android:versionCode="1"
5    android:versionName="1.0.0" >
6
7    <uses-sdk
8        android:minSdkVersion="35"
9        android:targetSdkVersion="35" />
10
11    <!-- 精确闹钟权限 - 闹钟应用核心功能 -->
12    <uses-permission android:name="android.permission.SCHEDULE_EXACT_ALARM" />
12-->src/main/AndroidManifest.xml:6:5-79
12-->src/main/AndroidManifest.xml:6:22-76
13
14    <!-- 全屏Intent权限（锁屏显示）- 闹钟核心功能 -->
15    <uses-permission android:name="android.permission.USE_FULL_SCREEN_INTENT" />
15-->src/main/AndroidManifest.xml:9:5-81
15-->src/main/AndroidManifest.xml:9:22-78
16
17    <!-- 前台服务权限 -->
18    <uses-permission android:name="android.permission.FOREGROUND_SERVICE" />
18-->src/main/AndroidManifest.xml:12:5-77
18-->src/main/AndroidManifest.xml:12:22-74
19    <uses-permission android:name="android.permission.FOREGROUND_SERVICE_SHORT_SERVICE" />
19-->src/main/AndroidManifest.xml:13:5-91
19-->src/main/AndroidManifest.xml:13:22-88
20
21    <!-- 唤醒锁权限 -->
22    <uses-permission android:name="android.permission.WAKE_LOCK" />
22-->src/main/AndroidManifest.xml:16:5-68
22-->src/main/AndroidManifest.xml:16:22-65
23
24    <!-- 开机启动权限 -->
25    <uses-permission android:name="android.permission.RECEIVE_BOOT_COMPLETED" />
25-->src/main/AndroidManifest.xml:19:5-81
25-->src/main/AndroidManifest.xml:19:22-78
26
27    <!-- 震动权限 -->
28    <uses-permission android:name="android.permission.VIBRATE" />
28-->src/main/AndroidManifest.xml:22:5-66
28-->src/main/AndroidManifest.xml:22:22-63
29
30    <!-- 通知权限 -->
31    <uses-permission android:name="android.permission.POST_NOTIFICATIONS" />
31-->src/main/AndroidManifest.xml:25:5-77
31-->src/main/AndroidManifest.xml:25:22-74
32
33    <!-- 显示在其他应用上层（确保闹钟能在任何情况下显示） -->
34    <uses-permission android:name="android.permission.SYSTEM_ALERT_WINDOW" />
34-->src/main/AndroidManifest.xml:28:5-78
34-->src/main/AndroidManifest.xml:28:22-75
35
36    <!-- 忽略电池优化 -->
37    <uses-permission android:name="android.permission.REQUEST_IGNORE_BATTERY_OPTIMIZATIONS" />
37-->src/main/AndroidManifest.xml:31:5-95
37-->src/main/AndroidManifest.xml:31:22-92
38
39    <!-- 网络权限（获取节假日数据） -->
40    <uses-permission android:name="android.permission.INTERNET" />
40-->src/main/AndroidManifest.xml:34:5-67
40-->src/main/AndroidManifest.xml:34:22-64
41    <uses-permission android:name="android.permission.ACCESS_NETWORK_STATE" />
41-->src/main/AndroidManifest.xml:35:5-79
41-->src/main/AndroidManifest.xml:35:22-76
42
43    <permission
43-->[androidx.core:core:1.15.0] AndroidManifest.xml:22:5-24:47
44        android:name="com.wakeup.clock.DYNAMIC_RECEIVER_NOT_EXPORTED_PERMISSION"
44-->[androidx.core:core:1.15.0] AndroidManifest.xml:23:9-81
45        android:protectionLevel="signature" />
45-->[androidx.core:core:1.15.0] AndroidManifest.xml:24:9-44
46
47    <uses-permission android:name="com.wakeup.clock.DYNAMIC_RECEIVER_NOT_EXPORTED_PERMISSION" />
47-->[androidx.core:core:1.15.0] AndroidManifest.xml:26:5-97
47-->[androidx.core:core:1.15.0] AndroidManifest.xml:26:22-94
48
49    <application
49-->src/main/AndroidManifest.xml:37:5-106:19
50        android:name="com.wakeup.clock.WakeupClockApp"
50-->src/main/AndroidManifest.xml:38:9-39
51        android:appComponentFactory="androidx.core.app.CoreComponentFactory"
51-->[androidx.core:core:1.15.0] AndroidManifest.xml:28:18-86
52        android:debuggable="true"
53        android:extractNativeLibs="false"
54        android:icon="@mipmap/ic_launcher"
54-->src/main/AndroidManifest.xml:39:9-43
55        android:label="@string/app_name"
55-->src/main/AndroidManifest.xml:40:9-41
56        android:localeConfig="@xml/locales_config"
56-->src/main/AndroidManifest.xml:43:9-51
57        android:roundIcon="@mipmap/ic_launcher_round"
57-->src/main/AndroidManifest.xml:41:9-54
58        android:supportsRtl="true"
58-->src/main/AndroidManifest.xml:42:9-35
59        android:testOnly="true"
60        android:theme="@style/Theme.WakeupClock" >
60-->src/main/AndroidManifest.xml:44:9-49
61
62        <!-- 主Activity -->
63        <activity
63-->src/main/AndroidManifest.xml:47:9-55:20
64            android:name="com.wakeup.clock.MainActivity"
64-->src/main/AndroidManifest.xml:48:13-41
65            android:exported="true"
65-->src/main/AndroidManifest.xml:49:13-36
66            android:theme="@style/Theme.WakeupClock" >
66-->src/main/AndroidManifest.xml:50:13-53
67            <intent-filter>
67-->src/main/AndroidManifest.xml:51:13-54:29
68                <action android:name="android.intent.action.MAIN" />
68-->src/main/AndroidManifest.xml:52:17-69
68-->src/main/AndroidManifest.xml:52:25-66
69
70                <category android:name="android.intent.category.LAUNCHER" />
70-->src/main/AndroidManifest.xml:53:17-77
70-->src/main/AndroidManifest.xml:53:27-74
71            </intent-filter>
72        </activity>
73
74        <!-- 闹钟响铃Activity（锁屏显示） -->
75        <activity
75-->src/main/AndroidManifest.xml:58:9-67:67
76            android:name="com.wakeup.clock.ui.screens.AlarmLockdownActivity"
76-->src/main/AndroidManifest.xml:59:13-61
77            android:excludeFromRecents="true"
77-->src/main/AndroidManifest.xml:65:13-46
78            android:exported="false"
78-->src/main/AndroidManifest.xml:60:13-37
79            android:launchMode="singleInstance"
79-->src/main/AndroidManifest.xml:64:13-48
80            android:showOnLockScreen="true"
80-->src/main/AndroidManifest.xml:61:13-44
81            android:showWhenLocked="true"
81-->src/main/AndroidManifest.xml:63:13-42
82            android:taskAffinity=""
82-->src/main/AndroidManifest.xml:66:13-36
83            android:theme="@style/Theme.WakeupClock.Fullscreen"
83-->src/main/AndroidManifest.xml:67:13-64
84            android:turnScreenOn="true" />
84-->src/main/AndroidManifest.xml:62:13-40
85
86        <!-- 防赖床确认Activity（锁屏显示） -->
87        <activity
87-->src/main/AndroidManifest.xml:70:9-79:67
88            android:name="com.wakeup.clock.ui.screens.AntiSnoozeActivity"
88-->src/main/AndroidManifest.xml:71:13-58
89            android:excludeFromRecents="true"
89-->src/main/AndroidManifest.xml:77:13-46
90            android:exported="false"
90-->src/main/AndroidManifest.xml:72:13-37
91            android:launchMode="singleInstance"
91-->src/main/AndroidManifest.xml:76:13-48
92            android:showOnLockScreen="true"
92-->src/main/AndroidManifest.xml:73:13-44
93            android:showWhenLocked="true"
93-->src/main/AndroidManifest.xml:75:13-42
94            android:taskAffinity=""
94-->src/main/AndroidManifest.xml:78:13-36
95            android:theme="@style/Theme.WakeupClock.Fullscreen"
95-->src/main/AndroidManifest.xml:79:13-64
96            android:turnScreenOn="true" />
96-->src/main/AndroidManifest.xml:74:13-40
97
98        <!-- 闹钟前台服务 -->
99        <service
99-->src/main/AndroidManifest.xml:82:9-85:60
100            android:name="com.wakeup.clock.service.AlarmService"
100-->src/main/AndroidManifest.xml:83:13-49
101            android:exported="false"
101-->src/main/AndroidManifest.xml:84:13-37
102            android:foregroundServiceType="shortService" />
102-->src/main/AndroidManifest.xml:85:13-57
103
104        <!-- 闹钟广播接收器 -->
105        <receiver
105-->src/main/AndroidManifest.xml:88:9-94:20
106            android:name="com.wakeup.clock.service.AlarmReceiver"
106-->src/main/AndroidManifest.xml:89:13-50
107            android:exported="false" >
107-->src/main/AndroidManifest.xml:90:13-37
108            <intent-filter>
108-->src/main/AndroidManifest.xml:91:13-93:29
109                <action android:name="com.wakeup.clock.ALARM_TRIGGER" />
109-->src/main/AndroidManifest.xml:92:17-73
109-->src/main/AndroidManifest.xml:92:25-70
110            </intent-filter>
111        </receiver>
112
113        <!-- 开机广播接收器 -->
114        <receiver
114-->src/main/AndroidManifest.xml:97:9-104:20
115            android:name="com.wakeup.clock.service.BootReceiver"
115-->src/main/AndroidManifest.xml:98:13-49
116            android:exported="true" >
116-->src/main/AndroidManifest.xml:99:13-36
117            <intent-filter>
117-->src/main/AndroidManifest.xml:100:13-103:29
118                <action android:name="android.intent.action.BOOT_COMPLETED" />
118-->src/main/AndroidManifest.xml:101:17-79
118-->src/main/AndroidManifest.xml:101:25-76
119                <action android:name="android.intent.action.QUICKBOOT_POWERON" />
119-->src/main/AndroidManifest.xml:102:17-82
119-->src/main/AndroidManifest.xml:102:25-79
120            </intent-filter>
121        </receiver>
122
123        <provider
123-->[androidx.emoji2:emoji2:1.3.0] AndroidManifest.xml:24:9-32:20
124            android:name="androidx.startup.InitializationProvider"
124-->[androidx.emoji2:emoji2:1.3.0] AndroidManifest.xml:25:13-67
125            android:authorities="com.wakeup.clock.androidx-startup"
125-->[androidx.emoji2:emoji2:1.3.0] AndroidManifest.xml:26:13-68
126            android:exported="false" >
126-->[androidx.emoji2:emoji2:1.3.0] AndroidManifest.xml:27:13-37
127            <meta-data
127-->[androidx.emoji2:emoji2:1.3.0] AndroidManifest.xml:29:13-31:52
128                android:name="androidx.emoji2.text.EmojiCompatInitializer"
128-->[androidx.emoji2:emoji2:1.3.0] AndroidManifest.xml:30:17-75
129                android:value="androidx.startup" />
129-->[androidx.emoji2:emoji2:1.3.0] AndroidManifest.xml:31:17-49
130            <meta-data
130-->[androidx.lifecycle:lifecycle-process:2.8.7] AndroidManifest.xml:29:13-31:52
131                android:name="androidx.lifecycle.ProcessLifecycleInitializer"
131-->[androidx.lifecycle:lifecycle-process:2.8.7] AndroidManifest.xml:30:17-78
132                android:value="androidx.startup" />
132-->[androidx.lifecycle:lifecycle-process:2.8.7] AndroidManifest.xml:31:17-49
133            <meta-data
133-->[androidx.profileinstaller:profileinstaller:1.3.1] AndroidManifest.xml:29:13-31:52
134                android:name="androidx.profileinstaller.ProfileInstallerInitializer"
134-->[androidx.profileinstaller:profileinstaller:1.3.1] AndroidManifest.xml:30:17-85
135                android:value="androidx.startup" />
135-->[androidx.profileinstaller:profileinstaller:1.3.1] AndroidManifest.xml:31:17-49
136        </provider>
137
138        <activity
138-->[androidx.compose.ui:ui-tooling-android:1.7.6] AndroidManifest.xml:23:9-25:39
139            android:name="androidx.compose.ui.tooling.PreviewActivity"
139-->[androidx.compose.ui:ui-tooling-android:1.7.6] AndroidManifest.xml:24:13-71
140            android:exported="true" />
140-->[androidx.compose.ui:ui-tooling-android:1.7.6] AndroidManifest.xml:25:13-36
141
142        <service
142-->[androidx.room:room-runtime:2.6.1] AndroidManifest.xml:24:9-28:63
143            android:name="androidx.room.MultiInstanceInvalidationService"
143-->[androidx.room:room-runtime:2.6.1] AndroidManifest.xml:25:13-74
144            android:directBootAware="true"
144-->[androidx.room:room-runtime:2.6.1] AndroidManifest.xml:26:13-43
145            android:exported="false" />
145-->[androidx.room:room-runtime:2.6.1] AndroidManifest.xml:27:13-37
146
147        <receiver
147-->[androidx.profileinstaller:profileinstaller:1.3.1] AndroidManifest.xml:34:9-52:20
148            android:name="androidx.profileinstaller.ProfileInstallReceiver"
148-->[androidx.profileinstaller:profileinstaller:1.3.1] AndroidManifest.xml:35:13-76
149            android:directBootAware="false"
149-->[androidx.profileinstaller:profileinstaller:1.3.1] AndroidManifest.xml:36:13-44
150            android:enabled="true"
150-->[androidx.profileinstaller:profileinstaller:1.3.1] AndroidManifest.xml:37:13-35
151            android:exported="true"
151-->[androidx.profileinstaller:profileinstaller:1.3.1] AndroidManifest.xml:38:13-36
152            android:permission="android.permission.DUMP" >
152-->[androidx.profileinstaller:profileinstaller:1.3.1] AndroidManifest.xml:39:13-57
153            <intent-filter>
153-->[androidx.profileinstaller:profileinstaller:1.3.1] AndroidManifest.xml:40:13-42:29
154                <action android:name="androidx.profileinstaller.action.INSTALL_PROFILE" />
154-->[androidx.profileinstaller:profileinstaller:1.3.1] AndroidManifest.xml:41:17-91
154-->[androidx.profileinstaller:profileinstaller:1.3.1] AndroidManifest.xml:41:25-88
155            </intent-filter>
156            <intent-filter>
156-->[androidx.profileinstaller:profileinstaller:1.3.1] AndroidManifest.xml:43:13-45:29
157                <action android:name="androidx.profileinstaller.action.SKIP_FILE" />
157-->[androidx.profileinstaller:profileinstaller:1.3.1] AndroidManifest.xml:44:17-85
157-->[androidx.profileinstaller:profileinstaller:1.3.1] AndroidManifest.xml:44:25-82
158            </intent-filter>
159            <intent-filter>
159-->[androidx.profileinstaller:profileinstaller:1.3.1] AndroidManifest.xml:46:13-48:29
160                <action android:name="androidx.profileinstaller.action.SAVE_PROFILE" />
160-->[androidx.profileinstaller:profileinstaller:1.3.1] AndroidManifest.xml:47:17-88
160-->[androidx.profileinstaller:profileinstaller:1.3.1] AndroidManifest.xml:47:25-85
161            </intent-filter>
162            <intent-filter>
162-->[androidx.profileinstaller:profileinstaller:1.3.1] AndroidManifest.xml:49:13-51:29
163                <action android:name="androidx.profileinstaller.action.BENCHMARK_OPERATION" />
163-->[androidx.profileinstaller:profileinstaller:1.3.1] AndroidManifest.xml:50:17-95
163-->[androidx.profileinstaller:profileinstaller:1.3.1] AndroidManifest.xml:50:25-92
164            </intent-filter>
165        </receiver>
166    </application>
167
168</manifest>